<?xml version="1.0" encoding="UTF-8"?>
<!-- Generated by org.testng.reporters.JUnitReportReporter -->
<testsuite skipped="0" hostname="DESKTOP-TE3O9BE" name="com.Test_Next_Generation.ParallelTest_Practise" tests="2" failures="0" timestamp="2022-02-21T17:55:32 IST" time="25.319" errors="0">
  <testcase name="secondUrl" time="13.364" classname="com.Test_Next_Generation.ParallelTest_Practise"/>
  <system-out/>
  <testcase name="firstUrl" time="11.955" classname="com.Test_Next_Generation.ParallelTest_Practise"/>
  <system-out/>
</testsuite> <!-- com.Test_Next_Generation.ParallelTest_Practise -->
