<?xml version="1.0" encoding="UTF-8"?>
<!-- Generated by org.testng.reporters.JUnitReportReporter -->
<testsuite skipped="0" hostname="DESKTOP-TE3O9BE" name="com.Test_Next_Generation.Parameterized_Practise" tests="1" failures="0" timestamp="2022-02-21T18:59:29 IST" time="0.000" errors="0">
  <testcase name="loginPage2" time="0.000" classname="com.Test_Next_Generation.Parameterized_Practise"/>
  <system-out/>
</testsuite> <!-- com.Test_Next_Generation.Parameterized_Practise -->
