<?xml version="1.0" encoding="UTF-8"?>
<!-- Generated by org.testng.reporters.JUnitReportReporter -->
<testsuite skipped="2" hostname="DESKTOP-TE3O9BE" name="com.Test_Next_Generation.Ignore_Practise" tests="7" failures="0" timestamp="2022-02-19T19:16:21 IST" time="0.015" errors="0">
  <testcase name="hotel" time="0.000" classname="com.Test_Next_Generation.Ignore_Practise"/>
  <system-out/>
  <testcase name="location" time="0.000" classname="com.Test_Next_Generation.Ignore_Practise"/>
  <system-out/>
  <testcase name="checkInDate" time="0.015" classname="com.Test_Next_Generation.Ignore_Practise"/>
  <system-out/>
  <testcase name="checkOutDate" time="0.000" classname="com.Test_Next_Generation.Ignore_Practise"/>
  <system-out/>
  <testcase name="roomType" time="0.000" classname="com.Test_Next_Generation.Ignore_Practise"/>
  <system-out/>
  <testcase name="adultsPerRoom" classname="com.Test_Next_Generation.Ignore_Practise">
    <skipped/>
  </testcase> <!-- adultsPerRoom -->
  <system-out/>
  <testcase name="childrensPerRoom" classname="com.Test_Next_Generation.Ignore_Practise">
    <skipped/>
  </testcase> <!-- childrensPerRoom -->
  <system-out/>
</testsuite> <!-- com.Test_Next_Generation.Ignore_Practise -->
