<?xml version="1.0" encoding="UTF-8"?>
<!-- Generated by org.testng.reporters.JUnitReportReporter -->
<testsuite skipped="0" hostname="DESKTOP-TE3O9BE" name="com.Test_Next_Generation.Dependency_Practise" tests="8" failures="0" timestamp="2022-02-21T17:54:02 IST" time="0.015" errors="0">
  <testcase name="noOfRooms" time="0.000" classname="com.Test_Next_Generation.Dependency_Practise"/>
  <system-out/>
  <testcase name="checkOutDate" time="0.000" classname="com.Test_Next_Generation.Dependency_Practise"/>
  <system-out/>
  <testcase name="checkInDate" time="0.015" classname="com.Test_Next_Generation.Dependency_Practise"/>
  <system-out/>
  <testcase name="location" time="0.000" classname="com.Test_Next_Generation.Dependency_Practise"/>
  <system-out/>
  <testcase name="adultsPerRoom" time="0.000" classname="com.Test_Next_Generation.Dependency_Practise"/>
  <system-out/>
  <testcase name="hotel" time="0.000" classname="com.Test_Next_Generation.Dependency_Practise"/>
  <system-out/>
  <testcase name="childrensPerRoom" time="0.000" classname="com.Test_Next_Generation.Dependency_Practise"/>
  <system-out/>
  <testcase name="roomType" time="0.000" classname="com.Test_Next_Generation.Dependency_Practise"/>
  <system-out/>
</testsuite> <!-- com.Test_Next_Generation.Dependency_Practise -->
