<?xml version="1.0" encoding="UTF-8"?>
<!-- Generated by org.testng.reporters.JUnitReportReporter -->
<testsuite skipped="0" hostname="DESKTOP-TE3O9BE" name="com.Test_Next_Generation.Grouping_Practise" tests="5" failures="0" timestamp="2022-02-19T22:33:12 IST" time="0.046" errors="0">
  <testcase name="checkOutDate" time="0.015" classname="com.Test_Next_Generation.Grouping_Practise"/>
  <system-out/>
  <testcase name="adultsPerRoom" time="0.015" classname="com.Test_Next_Generation.Grouping_Practise"/>
  <system-out/>
  <testcase name="checkInDate" time="0.000" classname="com.Test_Next_Generation.Grouping_Practise"/>
  <system-out/>
  <testcase name="childrensPerRoom" time="0.000" classname="com.Test_Next_Generation.Grouping_Practise"/>
  <system-out/>
  <testcase name="noOfRooms" time="0.016" classname="com.Test_Next_Generation.Grouping_Practise"/>
  <system-out/>
</testsuite> <!-- com.Test_Next_Generation.Grouping_Practise -->
