<?xml version="1.0" encoding="UTF-8"?>
<!-- Generated by org.testng.reporters.JUnitReportReporter -->
<testsuite skipped="0" hostname="DESKTOP-TE3O9BE" name="com.Test_Next_Generation.DataProvider_Practise" tests="6" failures="0" timestamp="2022-02-19T23:02:40 IST" time="0.016" errors="0">
  <testcase name="loginPage" time="0.000" classname="com.Test_Next_Generation.DataProvider_Practise"/>
  <system-out/>
  <testcase name="loginPage" time="0.000" classname="com.Test_Next_Generation.DataProvider_Practise"/>
  <system-out/>
  <testcase name="loginPage" time="0.000" classname="com.Test_Next_Generation.DataProvider_Practise"/>
  <system-out/>
  <testcase name="loginPage" time="0.000" classname="com.Test_Next_Generation.DataProvider_Practise"/>
  <system-out/>
  <testcase name="loginPage" time="0.016" classname="com.Test_Next_Generation.DataProvider_Practise"/>
  <system-out/>
  <testcase name="loginPage" time="0.000" classname="com.Test_Next_Generation.DataProvider_Practise"/>
  <system-out/>
</testsuite> <!-- com.Test_Next_Generation.DataProvider_Practise -->
